<?xml version="1.0" encoding="UTF-8"?>
<!-- Generated by org.testng.reporters.JUnitXMLReporter -->
<testsuite ignored="0" hostname="lenovo" failures="0" tests="13" name="Test" time="29.871" errors="0" timestamp="2023-09-15T13:07:37 IST">
  <testcase classname="abfl_QaServer.panOnly" name="@BeforeMethod openUrl" time="0.178">
    <failure type="org.openqa.selenium.NoSuchSessionException" message="invalid session id
Build info: version: &amp;apos;4.8.3&amp;apos;, revision: &amp;apos;b19b418e60&amp;apos;
System info: os.name: &amp;apos;Windows 11&amp;apos;, os.arch: &amp;apos;amd64&amp;apos;, os.version: &amp;apos;10.0&amp;apos;, java.version: &amp;apos;17.0.6&amp;apos;
Driver info: org.openqa.selenium.chrome.ChromeDriver
Command: [67b89b134f95e26923d3b4ced3b53c20, get {url=https://abfl-qa.credable.in/}]
Capabilities {acceptInsecureCerts: false, browserName: chrome, browserVersion: 116.0.5845.188, chrome: {chromedriverVersion: 116.0.5845.96 (1a3918166880..., userDataDir: C:\Users\Vicky\AppData\Loca...}, fedcm:accounts: true, goog:chromeOptions: {debuggerAddress: localhost:61302}, networkConnectionEnabled: false, pageLoadStrategy: normal, platformName: WINDOWS, proxy: Proxy(), se:cdp: ws://localhost:61302/devtoo..., se:cdpVersion: 116.0.5845.188, setWindowRect: true, strictFileInteractability: false, timeouts: {implicit: 0, pageLoad: 300000, script: 30000}, unhandledPromptBehavior: dismiss and notify, webauthn:extension:credBlob: true, webauthn:extension:largeBlob: true, webauthn:extension:minPinLength: true, webauthn:extension:prf: true, webauthn:virtualAuthenticators: true}
Session ID: 67b89b134f95e26923d3b4ced3b53c20">
      <![CDATA[org.openqa.selenium.NoSuchSessionException: invalid session id
Build info: version: '4.8.3', revision: 'b19b418e60'
System info: os.name: 'Windows 11', os.arch: 'amd64', os.version: '10.0', java.version: '17.0.6'
Driver info: org.openqa.selenium.chrome.ChromeDriver
Command: [67b89b134f95e26923d3b4ced3b53c20, get {url=https://abfl-qa.credable.in/}]
Capabilities {acceptInsecureCerts: false, browserName: chrome, browserVersion: 116.0.5845.188, chrome: {chromedriverVersion: 116.0.5845.96 (1a3918166880..., userDataDir: C:\Users\Vicky\AppData\Loca...}, fedcm:accounts: true, goog:chromeOptions: {debuggerAddress: localhost:61302}, networkConnectionEnabled: false, pageLoadStrategy: normal, platformName: WINDOWS, proxy: Proxy(), se:cdp: ws://localhost:61302/devtoo..., se:cdpVersion: 116.0.5845.188, setWindowRect: true, strictFileInteractability: false, timeouts: {implicit: 0, pageLoad: 300000, script: 30000}, unhandledPromptBehavior: dismiss and notify, webauthn:extension:credBlob: true, webauthn:extension:largeBlob: true, webauthn:extension:minPinLength: true, webauthn:extension:prf: true, webauthn:virtualAuthenticators: true}
Session ID: 67b89b134f95e26923d3b4ced3b53c20
at org.openqa.selenium.remote.codec.w3c.W3CHttpResponseCodec.createException(W3CHttpResponseCodec.java:200)
at org.openqa.selenium.remote.codec.w3c.W3CHttpResponseCodec.decode(W3CHttpResponseCodec.java:133)
at org.openqa.selenium.remote.codec.w3c.W3CHttpResponseCodec.decode(W3CHttpResponseCodec.java:53)
at org.openqa.selenium.remote.HttpCommandExecutor.execute(HttpCommandExecutor.java:193)
at org.openqa.selenium.remote.service.DriverCommandExecutor.invokeExecute(DriverCommandExecutor.java:183)
at org.openqa.selenium.remote.service.DriverCommandExecutor.execute(DriverCommandExecutor.java:158)
at org.openqa.selenium.remote.RemoteWebDriver.execute(RemoteWebDriver.java:543)
at org.openqa.selenium.remote.RemoteWebDriver.get(RemoteWebDriver.java:297)
at abfl_QaServer.panOnly.openUrl(panOnly.java:41)
at java.base/java.util.ArrayList.forEach(ArrayList.java:1511)
... Removed 36 stack frames]]>
    </failure>
  </testcase> <!-- @BeforeMethod openUrl -->
  <testcase classname="abfl_QaServer.panOnly" name="@BeforeMethod openUrl" time="0.0">
    <skipped/>
  </testcase> <!-- @BeforeMethod openUrl -->
  <testcase classname="abfl_QaServer.panOnly" name="@BeforeMethod openUrl" time="0.0">
    <skipped/>
  </testcase> <!-- @BeforeMethod openUrl -->
  <testcase classname="abfl_QaServer.panOnly" name="@BeforeMethod openUrl" time="0.0">
    <skipped/>
  </testcase> <!-- @BeforeMethod openUrl -->
  <testcase classname="abfl_QaServer.panOnly" name="@BeforeMethod openUrl" time="0.0">
    <skipped/>
  </testcase> <!-- @BeforeMethod openUrl -->
  <testcase classname="abfl_QaServer.panOnly" name="@BeforeMethod openUrl" time="0.0">
    <skipped/>
  </testcase> <!-- @BeforeMethod openUrl -->
  <testcase classname="abfl_QaServer.panOnly" name="@BeforeMethod openUrl" time="0.0">
    <skipped/>
  </testcase> <!-- @BeforeMethod openUrl -->
  <testcase classname="abfl_QaServer.panOnly" name="@BeforeMethod openUrl" time="0.0">
    <skipped/>
  </testcase> <!-- @BeforeMethod openUrl -->
  <testcase classname="abfl_QaServer.panOnly" name="@BeforeMethod openUrl" time="0.0">
    <skipped/>
  </testcase> <!-- @BeforeMethod openUrl -->
  <testcase classname="abfl_QaServer.panOnly" name="randomEmail" time="0.009"/>
  <testcase classname="abfl_QaServer.panOnly" name="randomNumber" time="0.002"/>
  <testcase classname="abfl_QaServer.panOnly" name="randomPan" time="0.002"/>
  <testcase classname="abfl_QaServer.panOnly" name="singUpPage" time="25.716"/>
  <testcase classname="abfl_QaServer.panOnly" name="singUpPage" time="0.0">
    <skipped/>
  </testcase> <!-- singUpPage -->
  <testcase classname="abfl_QaServer.panOnly" name="singUpPage" time="0.01">
    <skipped/>
  </testcase> <!-- singUpPage -->
  <testcase classname="abfl_QaServer.panOnly" name="singUpPage" time="0.0">
    <skipped/>
  </testcase> <!-- singUpPage -->
  <testcase classname="abfl_QaServer.panOnly" name="singUpPage" time="0.0">
    <skipped/>
  </testcase> <!-- singUpPage -->
  <testcase classname="abfl_QaServer.panOnly" name="singUpPage" time="0.0">
    <skipped/>
  </testcase> <!-- singUpPage -->
  <testcase classname="abfl_QaServer.panOnly" name="singUpPage" time="0.0">
    <skipped/>
  </testcase> <!-- singUpPage -->
  <testcase classname="abfl_QaServer.panOnly" name="singUpPage" time="0.0">
    <skipped/>
  </testcase> <!-- singUpPage -->
  <testcase classname="abfl_QaServer.panOnly" name="singUpPage" time="0.0">
    <skipped/>
  </testcase> <!-- singUpPage -->
  <testcase classname="abfl_QaServer.panOnly" name="singUpPage" time="0.0">
    <skipped/>
  </testcase> <!-- singUpPage -->
</testsuite> <!-- Test -->
